Running tests ...
[1A[KRunning 36 tests in 1 runtime ...
[1A[K[1m[32m36 tests, 42 assertions, 1 runtime ... OK[0m
----------------------|----------|----------|----------|----------|----------------|
File                  |  % Stmts | % Branch |  % Funcs |  % Lines |Uncovered Lines |
----------------------|----------|----------|----------|----------|----------------|
 lib/                 |      100 |      100 |      100 |      100 |                |
  cli.js              |      100 |      100 |      100 |      100 |                |
  processor.js        |      100 |      100 |      100 |      100 |                |
  reporter.js         |      100 |      100 |      100 |      100 |                |
  swaggyjenkinscli.js |      100 |      100 |      100 |      100 |                |
----------------------|----------|----------|----------|----------|----------------|
All files             |      100 |      100 |      100 |      100 |                |
----------------------|----------|----------|----------|----------|----------------|


=============================== Coverage summary ===============================
Statements   : 100% ( 164/164 )
Branches     : 100% ( 56/56 )
Functions    : 100% ( 25/25 )
Lines        : 100% ( 164/164 )
================================================================================
